<?xml version="1.0" encoding="UTF-8"?>
<coverage generated="1776281745925" clover="3.2.0">
  <project timestamp="1776281745925" name="All files">
    <metrics statements="135" coveredstatements="135" conditionals="55" coveredconditionals="52" methods="34" coveredmethods="34" elements="224" coveredelements="221" complexity="0" loc="135" ncloc="135" packages="1" files="1" classes="1"/>
    <file name="app.js" path="/home/runner/work/Obgy/Obgy/app.js">
      <metrics statements="135" coveredstatements="135" conditionals="55" coveredconditionals="52" methods="34" coveredmethods="34"/>
      <line num="1" count="1" type="stmt"/>
      <line num="24" count="1" type="stmt"/>
      <line num="27" count="3" type="stmt"/>
      <line num="52" count="2" type="stmt"/>
      <line num="81" count="3" type="stmt"/>
      <line num="107" count="2" type="stmt"/>
      <line num="134" count="2" type="stmt"/>
      <line num="159" count="1" type="stmt"/>
      <line num="160" count="1" type="stmt"/>
      <line num="164" count="2" type="cond" truecount="2" falsecount="0"/>
      <line num="165" count="2" type="stmt"/>
      <line num="166" count="2" type="cond" truecount="2" falsecount="0"/>
      <line num="167" count="1" type="stmt"/>
      <line num="168" count="1" type="stmt"/>
      <line num="169" count="1" type="stmt"/>
      <line num="171" count="1" type="stmt"/>
      <line num="172" count="1" type="stmt"/>
      <line num="174" count="2" type="stmt"/>
      <line num="178" count="4" type="stmt"/>
      <line num="179" count="4" type="stmt"/>
      <line num="180" count="4" type="cond" truecount="2" falsecount="0"/>
      <line num="181" count="2" type="stmt"/>
      <line num="182" count="2" type="stmt"/>
      <line num="183" count="2" type="stmt"/>
      <line num="185" count="2" type="stmt"/>
      <line num="186" count="2" type="stmt"/>
      <line num="187" count="2" type="stmt"/>
      <line num="192" count="6" type="stmt"/>
      <line num="193" count="4" type="stmt"/>
      <line num="194" count="4" type="stmt"/>
      <line num="195" count="4" type="stmt"/>
      <line num="199" count="9" type="stmt"/>
      <line num="200" count="3" type="stmt"/>
      <line num="201" count="3" type="stmt"/>
      <line num="205" count="3" type="cond" truecount="2" falsecount="0"/>
      <line num="206" count="1" type="stmt"/>
      <line num="207" count="1" type="stmt"/>
      <line num="209" count="2" type="stmt"/>
      <line num="210" count="2" type="stmt"/>
      <line num="211" count="2" type="stmt"/>
      <line num="215" count="6" type="stmt"/>
      <line num="216" count="6" type="cond" truecount="2" falsecount="0"/>
      <line num="217" count="4" type="cond" truecount="2" falsecount="0"/>
      <line num="218" count="4" type="stmt"/>
      <line num="231" count="4" type="stmt"/>
      <line num="235" count="4" type="stmt"/>
      <line num="243" count="19" type="stmt"/>
      <line num="244" count="19" type="stmt"/>
      <line num="245" count="19" type="stmt"/>
      <line num="248" count="19" type="stmt"/>
      <line num="257" count="19" type="stmt"/>
      <line num="258" count="19" type="stmt"/>
      <line num="260" count="19" type="stmt"/>
      <line num="261" count="19" type="cond" truecount="2" falsecount="0"/>
      <line num="262" count="19" type="cond" truecount="2" falsecount="0"/>
      <line num="263" count="1" type="stmt"/>
      <line num="265" count="18" type="stmt"/>
      <line num="285" count="18" type="stmt"/>
      <line num="286" count="18" type="cond" truecount="2" falsecount="0"/>
      <line num="288" count="16" type="cond" truecount="4" falsecount="0"/>
      <line num="289" count="16" type="stmt"/>
      <line num="292" count="16" type="cond" truecount="2" falsecount="0"/>
      <line num="295" count="3" type="stmt"/>
      <line num="301" count="19" type="stmt"/>
      <line num="302" count="19" type="stmt"/>
      <line num="308" count="45" type="stmt"/>
      <line num="309" count="6" type="stmt"/>
      <line num="310" count="3" type="stmt"/>
      <line num="311" count="24" type="stmt"/>
      <line num="312" count="6" type="stmt"/>
      <line num="314" count="3" type="stmt"/>
      <line num="318" count="45" type="stmt"/>
      <line num="319" count="45" type="stmt"/>
      <line num="320" count="45" type="stmt"/>
      <line num="323" count="45" type="stmt"/>
      <line num="324" count="45" type="stmt"/>
      <line num="327" count="45" type="stmt"/>
      <line num="328" count="45" type="stmt"/>
      <line num="329" count="45" type="stmt"/>
      <line num="330" count="45" type="stmt"/>
      <line num="333" count="45" type="stmt"/>
      <line num="336" count="45" type="stmt"/>
      <line num="337" count="45" type="stmt"/>
      <line num="338" count="45" type="stmt"/>
      <line num="339" count="1" type="cond" truecount="1" falsecount="1"/>
      <line num="340" count="1" type="stmt"/>
      <line num="344" count="45" type="stmt"/>
      <line num="347" count="45" type="stmt"/>
      <line num="348" count="5" type="cond" truecount="3" falsecount="1"/>
      <line num="349" count="5" type="stmt"/>
      <line num="353" count="45" type="stmt"/>
      <line num="354" count="45" type="stmt"/>
      <line num="355" count="45" type="stmt"/>
      <line num="356" count="55" type="stmt"/>
      <line num="357" count="55" type="cond" truecount="2" falsecount="0"/>
      <line num="358" count="44" type="cond" truecount="2" falsecount="0"/>
      <line num="359" count="22" type="stmt"/>
      <line num="361" count="22" type="stmt"/>
      <line num="364" count="45" type="stmt"/>
      <line num="369" count="13" type="stmt"/>
      <line num="370" count="13" type="cond" truecount="2" falsecount="0"/>
      <line num="373" count="12" type="stmt"/>
      <line num="374" count="12" type="stmt"/>
      <line num="376" count="12" type="stmt"/>
      <line num="377" count="34" type="stmt"/>
      <line num="378" count="34" type="stmt"/>
      <line num="379" count="34" type="cond" truecount="2" falsecount="0"/>
      <line num="380" count="21" type="stmt"/>
      <line num="381" count="21" type="stmt"/>
      <line num="382" count="21" type="stmt"/>
      <line num="383" count="21" type="stmt"/>
      <line num="386" count="21" type="stmt"/>
      <line num="387" count="6" type="stmt"/>
      <line num="389" count="6" type="stmt"/>
      <line num="390" count="6" type="stmt"/>
      <line num="391" count="11" type="stmt"/>
      <line num="392" count="11" type="cond" truecount="2" falsecount="0"/>
      <line num="393" count="6" type="cond" truecount="2" falsecount="0"/>
      <line num="394" count="6" type="cond" truecount="2" falsecount="0"/>
      <line num="396" count="6" type="stmt"/>
      <line num="397" count="6" type="cond" truecount="2" falsecount="0"/>
      <line num="398" count="6" type="cond" truecount="2" falsecount="0"/>
      <line num="399" count="6" type="stmt"/>
      <line num="404" count="21" type="stmt"/>
      <line num="411" count="11" type="stmt"/>
      <line num="412" count="11" type="stmt"/>
      <line num="413" count="11" type="cond" truecount="3" falsecount="0"/>
      <line num="414" count="31" type="stmt"/>
      <line num="416" count="11" type="cond" truecount="2" falsecount="0"/>
      <line num="419" count="1" type="cond" truecount="1" falsecount="1"/>
      <line num="420" count="1" type="stmt"/>
      <line num="434" count="1" type="stmt"/>
      <line num="435" count="1" type="stmt"/>
      <line num="436" count="106" type="stmt"/>
      <line num="437" count="102" type="stmt"/>
    </file>
  </project>
</coverage>
