{"/home/runner/work/Obgy/Obgy/app.js": {"path":"/home/runner/work/Obgy/Obgy/app.js","statementMap":{"0":{"start":{"line":1,"column":15},"end":{"line":22,"column":1}},"1":{"start":{"line":24,"column":14},"end":{"line":157,"column":1}},"2":{"start":{"line":27,"column":23},"end":{"line":48,"column":170}},"3":{"start":{"line":52,"column":23},"end":{"line":77,"column":125}},"4":{"start":{"line":81,"column":23},"end":{"line":103,"column":214}},"5":{"start":{"line":107,"column":23},"end":{"line":130,"column":64}},"6":{"start":{"line":134,"column":23},"end":{"line":155,"column":185}},"7":{"start":{"line":159,"column":20},"end":{"line":159,"column":24}},"8":{"start":{"line":160,"column":19},"end":{"line":160,"column":28}},"9":{"start":{"line":164,"column":14},"end":{"line":164,"column":61}},"10":{"start":{"line":165,"column":19},"end":{"line":165,"column":58}},"11":{"start":{"line":166,"column":2},"end":{"line":173,"column":3}},"12":{"start":{"line":167,"column":4},"end":{"line":167,"column":55}},"13":{"start":{"line":168,"column":4},"end":{"line":168,"column":41}},"14":{"start":{"line":169,"column":4},"end":{"line":169,"column":46}},"15":{"start":{"line":171,"column":4},"end":{"line":171,"column":37}},"16":{"start":{"line":172,"column":4},"end":{"line":172,"column":48}},"17":{"start":{"line":174,"column":2},"end":{"line":174,"column":13}},"18":{"start":{"line":178,"column":14},"end":{"line":178,"column":65}},"19":{"start":{"line":179,"column":19},"end":{"line":179,"column":58}},"20":{"start":{"line":180,"column":2},"end":{"line":188,"column":3}},"21":{"start":{"line":181,"column":4},"end":{"line":181,"column":51}},"22":{"start":{"line":182,"column":4},"end":{"line":182,"column":41}},"23":{"start":{"line":183,"column":4},"end":{"line":183,"column":46}},"24":{"start":{"line":185,"column":4},"end":{"line":185,"column":49}},"25":{"start":{"line":186,"column":4},"end":{"line":186,"column":37}},"26":{"start":{"line":187,"column":4},"end":{"line":187,"column":48}},"27":{"start":{"line":192,"column":2},"end":{"line":192,"column":85}},"28":{"start":{"line":192,"column":55},"end":{"line":192,"column":83}},"29":{"start":{"line":193,"column":2},"end":{"line":193,"column":30}},"30":{"start":{"line":194,"column":2},"end":{"line":194,"column":24}},"31":{"start":{"line":195,"column":2},"end":{"line":195,"column":81}},"32":{"start":{"line":199,"column":2},"end":{"line":199,"column":84}},"33":{"start":{"line":199,"column":54},"end":{"line":199,"column":82}},"34":{"start":{"line":200,"column":2},"end":{"line":200,"column":30}},"35":{"start":{"line":201,"column":2},"end":{"line":201,"column":22}},"36":{"start":{"line":205,"column":2},"end":{"line":208,"column":3}},"37":{"start":{"line":206,"column":4},"end":{"line":206,"column":46}},"38":{"start":{"line":207,"column":4},"end":{"line":207,"column":11}},"39":{"start":{"line":209,"column":21},"end":{"line":209,"column":40}},"40":{"start":{"line":210,"column":17},"end":{"line":210,"column":105}},"41":{"start":{"line":211,"column":2},"end":{"line":211,"column":31}},"42":{"start":{"line":215,"column":12},"end":{"line":215,"column":59}},"43":{"start":{"line":216,"column":2},"end":{"line":216,"column":17}},"44":{"start":{"line":216,"column":10},"end":{"line":216,"column":17}},"45":{"start":{"line":217,"column":18},"end":{"line":217,"column":98}},"46":{"start":{"line":218,"column":17},"end":{"line":230,"column":102}},"47":{"start":{"line":231,"column":2},"end":{"line":231,"column":31}},"48":{"start":{"line":235,"column":2},"end":{"line":239,"column":12}},"49":{"start":{"line":243,"column":22},"end":{"line":243,"column":60}},"50":{"start":{"line":244,"column":17},"end":{"line":244,"column":50}},"51":{"start":{"line":245,"column":17},"end":{"line":245,"column":50}},"52":{"start":{"line":248,"column":2},"end":{"line":256,"column":12}},"53":{"start":{"line":257,"column":2},"end":{"line":257,"column":25}},"54":{"start":{"line":258,"column":2},"end":{"line":258,"column":25}},"55":{"start":{"line":260,"column":2},"end":{"line":303,"column":3}},"56":{"start":{"line":261,"column":19},"end":{"line":261,"column":66}},"57":{"start":{"line":262,"column":4},"end":{"line":264,"column":5}},"58":{"start":{"line":263,"column":6},"end":{"line":263,"column":84}},"59":{"start":{"line":265,"column":16},"end":{"line":283,"column":6}},"60":{"start":{"line":285,"column":17},"end":{"line":285,"column":33}},"61":{"start":{"line":286,"column":4},"end":{"line":286,"column":56}},"62":{"start":{"line":286,"column":20},"end":{"line":286,"column":56}},"63":{"start":{"line":288,"column":17},"end":{"line":288,"column":68}},"64":{"start":{"line":288,"column":40},"end":{"line":288,"column":52}},"65":{"start":{"line":289,"column":4},"end":{"line":289,"column":82}},"66":{"start":{"line":292,"column":4},"end":{"line":292,"column":59}},"67":{"start":{"line":292,"column":33},"end":{"line":292,"column":59}},"68":{"start":{"line":295,"column":4},"end":{"line":299,"column":14}},"69":{"start":{"line":301,"column":4},"end":{"line":301,"column":28}},"70":{"start":{"line":302,"column":4},"end":{"line":302,"column":28}},"71":{"start":{"line":308,"column":2},"end":{"line":315,"column":5}},"72":{"start":{"line":309,"column":16},"end":{"line":309,"column":97}},"73":{"start":{"line":309,"column":46},"end":{"line":309,"column":54}},"74":{"start":{"line":309,"column":65},"end":{"line":309,"column":87}},"75":{"start":{"line":310,"column":16},"end":{"line":313,"column":15}},"76":{"start":{"line":311,"column":18},"end":{"line":311,"column":96}},"77":{"start":{"line":311,"column":45},"end":{"line":311,"column":53}},"78":{"start":{"line":311,"column":64},"end":{"line":311,"column":86}},"79":{"start":{"line":312,"column":6},"end":{"line":312,"column":31}},"80":{"start":{"line":314,"column":4},"end":{"line":314,"column":80}},"81":{"start":{"line":318,"column":2},"end":{"line":318,"column":52}},"82":{"start":{"line":319,"column":2},"end":{"line":319,"column":53}},"83":{"start":{"line":320,"column":2},"end":{"line":320,"column":54}},"84":{"start":{"line":323,"column":2},"end":{"line":323,"column":63}},"85":{"start":{"line":324,"column":2},"end":{"line":324,"column":51}},"86":{"start":{"line":327,"column":2},"end":{"line":327,"column":70}},"87":{"start":{"line":328,"column":2},"end":{"line":328,"column":74}},"88":{"start":{"line":329,"column":2},"end":{"line":329,"column":72}},"89":{"start":{"line":330,"column":2},"end":{"line":330,"column":75}},"90":{"start":{"line":333,"column":2},"end":{"line":333,"column":110}},"91":{"start":{"line":336,"column":2},"end":{"line":336,"column":57}},"92":{"start":{"line":337,"column":2},"end":{"line":337,"column":64}},"93":{"start":{"line":338,"column":2},"end":{"line":341,"column":5}},"94":{"start":{"line":339,"column":4},"end":{"line":339,"column":45}},"95":{"start":{"line":339,"column":32},"end":{"line":339,"column":45}},"96":{"start":{"line":340,"column":4},"end":{"line":340,"column":31}},"97":{"start":{"line":344,"column":2},"end":{"line":344,"column":57}},"98":{"start":{"line":347,"column":2},"end":{"line":350,"column":5}},"99":{"start":{"line":348,"column":4},"end":{"line":348,"column":71}},"100":{"start":{"line":348,"column":58},"end":{"line":348,"column":71}},"101":{"start":{"line":349,"column":4},"end":{"line":349,"column":31}},"102":{"start":{"line":353,"column":16},"end":{"line":353,"column":32}},"103":{"start":{"line":354,"column":20},"end":{"line":354,"column":22}},"104":{"start":{"line":355,"column":2},"end":{"line":363,"column":3}},"105":{"start":{"line":356,"column":20},"end":{"line":356,"column":31}},"106":{"start":{"line":357,"column":4},"end":{"line":357,"column":51}},"107":{"start":{"line":357,"column":20},"end":{"line":357,"column":39}},"108":{"start":{"line":357,"column":40},"end":{"line":357,"column":49}},"109":{"start":{"line":358,"column":4},"end":{"line":362,"column":5}},"110":{"start":{"line":359,"column":6},"end":{"line":359,"column":30}},"111":{"start":{"line":361,"column":6},"end":{"line":361,"column":42}},"112":{"start":{"line":364,"column":2},"end":{"line":364,"column":30}},"113":{"start":{"line":369,"column":18},"end":{"line":369,"column":53}},"114":{"start":{"line":370,"column":2},"end":{"line":370,"column":23}},"115":{"start":{"line":370,"column":16},"end":{"line":370,"column":23}},"116":{"start":{"line":373,"column":24},"end":{"line":373,"column":47}},"117":{"start":{"line":374,"column":21},"end":{"line":374,"column":50}},"118":{"start":{"line":376,"column":2},"end":{"line":406,"column":5}},"119":{"start":{"line":377,"column":17},"end":{"line":377,"column":37}},"120":{"start":{"line":378,"column":18},"end":{"line":378,"column":43}},"121":{"start":{"line":379,"column":4},"end":{"line":405,"column":5}},"122":{"start":{"line":380,"column":18},"end":{"line":380,"column":50}},"123":{"start":{"line":381,"column":6},"end":{"line":381,"column":36}},"124":{"start":{"line":382,"column":6},"end":{"line":382,"column":29}},"125":{"start":{"line":383,"column":6},"end":{"line":383,"column":50}},"126":{"start":{"line":386,"column":6},"end":{"line":402,"column":9}},"127":{"start":{"line":387,"column":28},"end":{"line":387,"column":48}},"128":{"start":{"line":389,"column":25},"end":{"line":389,"column":66}},"129":{"start":{"line":390,"column":8},"end":{"line":401,"column":11}},"130":{"start":{"line":391,"column":10},"end":{"line":391,"column":28}},"131":{"start":{"line":392,"column":10},"end":{"line":400,"column":11}},"132":{"start":{"line":393,"column":30},"end":{"line":393,"column":110}},"133":{"start":{"line":394,"column":12},"end":{"line":394,"column":61}},"134":{"start":{"line":396,"column":23},"end":{"line":396,"column":52}},"135":{"start":{"line":397,"column":12},"end":{"line":397,"column":83}},"136":{"start":{"line":398,"column":12},"end":{"line":398,"column":102}},"137":{"start":{"line":399,"column":12},"end":{"line":399,"column":24}},"138":{"start":{"line":404,"column":6},"end":{"line":404,"column":25}},"139":{"start":{"line":411,"column":13},"end":{"line":411,"column":41}},"140":{"start":{"line":412,"column":14},"end":{"line":412,"column":15}},"141":{"start":{"line":413,"column":2},"end":{"line":415,"column":3}},"142":{"start":{"line":414,"column":4},"end":{"line":414,"column":35}},"143":{"start":{"line":416,"column":2},"end":{"line":416,"column":40}},"144":{"start":{"line":419,"column":0},"end":{"line":439,"column":1}},"145":{"start":{"line":420,"column":2},"end":{"line":438,"column":4}},"146":{"start":{"line":434,"column":28},"end":{"line":434,"column":41}},"147":{"start":{"line":435,"column":27},"end":{"line":435,"column":39}},"148":{"start":{"line":436,"column":31},"end":{"line":436,"column":49}},"149":{"start":{"line":437,"column":30},"end":{"line":437,"column":47}}},"fnMap":{"0":{"name":"(anonymous_0)","decl":{"start":{"line":27,"column":12},"end":{"line":27,"column":13}},"loc":{"start":{"line":27,"column":23},"end":{"line":48,"column":170}},"line":27},"1":{"name":"(anonymous_1)","decl":{"start":{"line":52,"column":12},"end":{"line":52,"column":13}},"loc":{"start":{"line":52,"column":23},"end":{"line":77,"column":125}},"line":52},"2":{"name":"(anonymous_2)","decl":{"start":{"line":81,"column":12},"end":{"line":81,"column":13}},"loc":{"start":{"line":81,"column":23},"end":{"line":103,"column":214}},"line":81},"3":{"name":"(anonymous_3)","decl":{"start":{"line":107,"column":12},"end":{"line":107,"column":13}},"loc":{"start":{"line":107,"column":23},"end":{"line":130,"column":64}},"line":107},"4":{"name":"(anonymous_4)","decl":{"start":{"line":134,"column":12},"end":{"line":134,"column":13}},"loc":{"start":{"line":134,"column":23},"end":{"line":155,"column":185}},"line":134},"5":{"name":"loadApiKey","decl":{"start":{"line":163,"column":9},"end":{"line":163,"column":19}},"loc":{"start":{"line":163,"column":22},"end":{"line":175,"column":1}},"line":163},"6":{"name":"saveApiKey","decl":{"start":{"line":177,"column":9},"end":{"line":177,"column":19}},"loc":{"start":{"line":177,"column":22},"end":{"line":189,"column":1}},"line":177},"7":{"name":"selectTopic","decl":{"start":{"line":191,"column":9},"end":{"line":191,"column":20}},"loc":{"start":{"line":191,"column":33},"end":{"line":196,"column":1}},"line":191},"8":{"name":"(anonymous_8)","decl":{"start":{"line":192,"column":50},"end":{"line":192,"column":51}},"loc":{"start":{"line":192,"column":55},"end":{"line":192,"column":83}},"line":192},"9":{"name":"setMode","decl":{"start":{"line":198,"column":9},"end":{"line":198,"column":16}},"loc":{"start":{"line":198,"column":28},"end":{"line":202,"column":1}},"line":198},"10":{"name":"(anonymous_10)","decl":{"start":{"line":199,"column":49},"end":{"line":199,"column":50}},"loc":{"start":{"line":199,"column":54},"end":{"line":199,"column":82}},"line":199},"11":{"name":"generate","decl":{"start":{"line":204,"column":15},"end":{"line":204,"column":23}},"loc":{"start":{"line":204,"column":26},"end":{"line":212,"column":1}},"line":204},"12":{"name":"askCustom","decl":{"start":{"line":214,"column":15},"end":{"line":214,"column":24}},"loc":{"start":{"line":214,"column":27},"end":{"line":232,"column":1}},"line":214},"13":{"name":"showError","decl":{"start":{"line":234,"column":9},"end":{"line":234,"column":18}},"loc":{"start":{"line":234,"column":24},"end":{"line":240,"column":1}},"line":234},"14":{"name":"fetchAndRender","decl":{"start":{"line":242,"column":15},"end":{"line":242,"column":29}},"loc":{"start":{"line":242,"column":38},"end":{"line":304,"column":1}},"line":242},"15":{"name":"(anonymous_15)","decl":{"start":{"line":288,"column":35},"end":{"line":288,"column":36}},"loc":{"start":{"line":288,"column":40},"end":{"line":288,"column":52}},"line":288},"16":{"name":"renderMarkdown","decl":{"start":{"line":306,"column":9},"end":{"line":306,"column":23}},"loc":{"start":{"line":306,"column":30},"end":{"line":365,"column":1}},"line":306},"17":{"name":"(anonymous_17)","decl":{"start":{"line":308,"column":66},"end":{"line":308,"column":67}},"loc":{"start":{"line":308,"column":91},"end":{"line":315,"column":3}},"line":308},"18":{"name":"(anonymous_18)","decl":{"start":{"line":309,"column":41},"end":{"line":309,"column":42}},"loc":{"start":{"line":309,"column":46},"end":{"line":309,"column":54}},"line":309},"19":{"name":"(anonymous_19)","decl":{"start":{"line":309,"column":60},"end":{"line":309,"column":61}},"loc":{"start":{"line":309,"column":65},"end":{"line":309,"column":87}},"line":309},"20":{"name":"(anonymous_20)","decl":{"start":{"line":310,"column":44},"end":{"line":310,"column":45}},"loc":{"start":{"line":310,"column":51},"end":{"line":313,"column":5}},"line":310},"21":{"name":"(anonymous_21)","decl":{"start":{"line":311,"column":40},"end":{"line":311,"column":41}},"loc":{"start":{"line":311,"column":45},"end":{"line":311,"column":53}},"line":311},"22":{"name":"(anonymous_22)","decl":{"start":{"line":311,"column":59},"end":{"line":311,"column":60}},"loc":{"start":{"line":311,"column":64},"end":{"line":311,"column":86}},"line":311},"23":{"name":"(anonymous_23)","decl":{"start":{"line":338,"column":42},"end":{"line":338,"column":43}},"loc":{"start":{"line":338,"column":53},"end":{"line":341,"column":3}},"line":338},"24":{"name":"(anonymous_24)","decl":{"start":{"line":347,"column":61},"end":{"line":347,"column":62}},"loc":{"start":{"line":347,"column":70},"end":{"line":350,"column":3}},"line":347},"25":{"name":"attachQuizInteractivity","decl":{"start":{"line":367,"column":9},"end":{"line":367,"column":32}},"loc":{"start":{"line":367,"column":35},"end":{"line":407,"column":1}},"line":367},"26":{"name":"(anonymous_26)","decl":{"start":{"line":376,"column":21},"end":{"line":376,"column":22}},"loc":{"start":{"line":376,"column":26},"end":{"line":406,"column":3}},"line":376},"27":{"name":"(anonymous_27)","decl":{"start":{"line":386,"column":36},"end":{"line":386,"column":37}},"loc":{"start":{"line":386,"column":47},"end":{"line":402,"column":7}},"line":386},"28":{"name":"(anonymous_28)","decl":{"start":{"line":390,"column":25},"end":{"line":390,"column":26}},"loc":{"start":{"line":390,"column":30},"end":{"line":401,"column":9}},"line":390},"29":{"name":"findAnswerText","decl":{"start":{"line":409,"column":9},"end":{"line":409,"column":23}},"loc":{"start":{"line":409,"column":35},"end":{"line":417,"column":1}},"line":409},"30":{"name":"(anonymous_30)","decl":{"start":{"line":434,"column":22},"end":{"line":434,"column":23}},"loc":{"start":{"line":434,"column":28},"end":{"line":434,"column":41}},"line":434},"31":{"name":"(anonymous_31)","decl":{"start":{"line":435,"column":21},"end":{"line":435,"column":22}},"loc":{"start":{"line":435,"column":27},"end":{"line":435,"column":39}},"line":435},"32":{"name":"(anonymous_32)","decl":{"start":{"line":436,"column":22},"end":{"line":436,"column":23}},"loc":{"start":{"line":436,"column":29},"end":{"line":436,"column":51}},"line":436},"33":{"name":"(anonymous_33)","decl":{"start":{"line":437,"column":21},"end":{"line":437,"column":22}},"loc":{"start":{"line":437,"column":28},"end":{"line":437,"column":49}},"line":437}},"branchMap":{"0":{"loc":{"start":{"line":164,"column":14},"end":{"line":164,"column":61}},"type":"binary-expr","locations":[{"start":{"line":164,"column":14},"end":{"line":164,"column":55}},{"start":{"line":164,"column":59},"end":{"line":164,"column":61}}],"line":164},"1":{"loc":{"start":{"line":166,"column":2},"end":{"line":173,"column":3}},"type":"if","locations":[{"start":{"line":166,"column":2},"end":{"line":173,"column":3}},{"start":{"line":170,"column":9},"end":{"line":173,"column":3}}],"line":166},"2":{"loc":{"start":{"line":180,"column":2},"end":{"line":188,"column":3}},"type":"if","locations":[{"start":{"line":180,"column":2},"end":{"line":188,"column":3}},{"start":{"line":184,"column":9},"end":{"line":188,"column":3}}],"line":180},"3":{"loc":{"start":{"line":205,"column":2},"end":{"line":208,"column":3}},"type":"if","locations":[{"start":{"line":205,"column":2},"end":{"line":208,"column":3}},{"start":{},"end":{}}],"line":205},"4":{"loc":{"start":{"line":216,"column":2},"end":{"line":216,"column":17}},"type":"if","locations":[{"start":{"line":216,"column":2},"end":{"line":216,"column":17}},{"start":{},"end":{}}],"line":216},"5":{"loc":{"start":{"line":217,"column":18},"end":{"line":217,"column":98}},"type":"cond-expr","locations":[{"start":{"line":217,"column":34},"end":{"line":217,"column":79}},{"start":{"line":217,"column":82},"end":{"line":217,"column":98}}],"line":217},"6":{"loc":{"start":{"line":261,"column":19},"end":{"line":261,"column":66}},"type":"binary-expr","locations":[{"start":{"line":261,"column":19},"end":{"line":261,"column":60}},{"start":{"line":261,"column":64},"end":{"line":261,"column":66}}],"line":261},"7":{"loc":{"start":{"line":262,"column":4},"end":{"line":264,"column":5}},"type":"if","locations":[{"start":{"line":262,"column":4},"end":{"line":264,"column":5}},{"start":{},"end":{}}],"line":262},"8":{"loc":{"start":{"line":286,"column":4},"end":{"line":286,"column":56}},"type":"if","locations":[{"start":{"line":286,"column":4},"end":{"line":286,"column":56}},{"start":{},"end":{}}],"line":286},"9":{"loc":{"start":{"line":288,"column":17},"end":{"line":288,"column":68}},"type":"binary-expr","locations":[{"start":{"line":288,"column":17},"end":{"line":288,"column":62}},{"start":{"line":288,"column":66},"end":{"line":288,"column":68}}],"line":288},"10":{"loc":{"start":{"line":288,"column":40},"end":{"line":288,"column":52}},"type":"binary-expr","locations":[{"start":{"line":288,"column":40},"end":{"line":288,"column":46}},{"start":{"line":288,"column":50},"end":{"line":288,"column":52}}],"line":288},"11":{"loc":{"start":{"line":292,"column":4},"end":{"line":292,"column":59}},"type":"if","locations":[{"start":{"line":292,"column":4},"end":{"line":292,"column":59}},{"start":{},"end":{}}],"line":292},"12":{"loc":{"start":{"line":339,"column":4},"end":{"line":339,"column":45}},"type":"if","locations":[{"start":{"line":339,"column":4},"end":{"line":339,"column":45}},{"start":{},"end":{}}],"line":339},"13":{"loc":{"start":{"line":348,"column":4},"end":{"line":348,"column":71}},"type":"if","locations":[{"start":{"line":348,"column":4},"end":{"line":348,"column":71}},{"start":{},"end":{}}],"line":348},"14":{"loc":{"start":{"line":348,"column":8},"end":{"line":348,"column":56}},"type":"binary-expr","locations":[{"start":{"line":348,"column":8},"end":{"line":348,"column":30}},{"start":{"line":348,"column":34},"end":{"line":348,"column":56}}],"line":348},"15":{"loc":{"start":{"line":357,"column":4},"end":{"line":357,"column":51}},"type":"if","locations":[{"start":{"line":357,"column":4},"end":{"line":357,"column":51}},{"start":{},"end":{}}],"line":357},"16":{"loc":{"start":{"line":358,"column":4},"end":{"line":362,"column":5}},"type":"if","locations":[{"start":{"line":358,"column":4},"end":{"line":362,"column":5}},{"start":{"line":360,"column":11},"end":{"line":362,"column":5}}],"line":358},"17":{"loc":{"start":{"line":370,"column":2},"end":{"line":370,"column":23}},"type":"if","locations":[{"start":{"line":370,"column":2},"end":{"line":370,"column":23}},{"start":{},"end":{}}],"line":370},"18":{"loc":{"start":{"line":379,"column":4},"end":{"line":405,"column":5}},"type":"if","locations":[{"start":{"line":379,"column":4},"end":{"line":405,"column":5}},{"start":{},"end":{}}],"line":379},"19":{"loc":{"start":{"line":392,"column":10},"end":{"line":400,"column":11}},"type":"if","locations":[{"start":{"line":392,"column":10},"end":{"line":400,"column":11}},{"start":{},"end":{}}],"line":392},"20":{"loc":{"start":{"line":393,"column":30},"end":{"line":393,"column":110}},"type":"binary-expr","locations":[{"start":{"line":393,"column":30},"end":{"line":393,"column":41}},{"start":{"line":393,"column":45},"end":{"line":393,"column":110}}],"line":393},"21":{"loc":{"start":{"line":394,"column":28},"end":{"line":394,"column":59}},"type":"cond-expr","locations":[{"start":{"line":394,"column":40},"end":{"line":394,"column":49}},{"start":{"line":394,"column":52},"end":{"line":394,"column":59}}],"line":394},"22":{"loc":{"start":{"line":397,"column":49},"end":{"line":397,"column":80}},"type":"cond-expr","locations":[{"start":{"line":397,"column":61},"end":{"line":397,"column":70}},{"start":{"line":397,"column":73},"end":{"line":397,"column":80}}],"line":397},"23":{"loc":{"start":{"line":398,"column":29},"end":{"line":398,"column":101}},"type":"cond-expr","locations":[{"start":{"line":398,"column":41},"end":{"line":398,"column":53}},{"start":{"line":398,"column":56},"end":{"line":398,"column":101}}],"line":398},"24":{"loc":{"start":{"line":413,"column":9},"end":{"line":413,"column":70}},"type":"binary-expr","locations":[{"start":{"line":413,"column":9},"end":{"line":413,"column":13}},{"start":{"line":413,"column":17},"end":{"line":413,"column":54}},{"start":{"line":413,"column":58},"end":{"line":413,"column":70}}],"line":413},"25":{"loc":{"start":{"line":416,"column":9},"end":{"line":416,"column":39}},"type":"cond-expr","locations":[{"start":{"line":416,"column":16},"end":{"line":416,"column":32}},{"start":{"line":416,"column":35},"end":{"line":416,"column":39}}],"line":416},"26":{"loc":{"start":{"line":419,"column":0},"end":{"line":439,"column":1}},"type":"if","locations":[{"start":{"line":419,"column":0},"end":{"line":439,"column":1}},{"start":{},"end":{}}],"line":419}},"s":{"0":1,"1":1,"2":3,"3":2,"4":3,"5":2,"6":2,"7":1,"8":1,"9":2,"10":2,"11":2,"12":1,"13":1,"14":1,"15":1,"16":1,"17":2,"18":4,"19":4,"20":4,"21":2,"22":2,"23":2,"24":2,"25":2,"26":2,"27":4,"28":6,"29":4,"30":4,"31":4,"32":3,"33":9,"34":3,"35":3,"36":3,"37":1,"38":1,"39":2,"40":2,"41":2,"42":6,"43":6,"44":2,"45":4,"46":4,"47":4,"48":4,"49":19,"50":19,"51":19,"52":19,"53":19,"54":19,"55":19,"56":19,"57":19,"58":1,"59":18,"60":18,"61":18,"62":2,"63":16,"64":15,"65":16,"66":16,"67":2,"68":3,"69":19,"70":19,"71":45,"72":3,"73":6,"74":6,"75":3,"76":6,"77":24,"78":12,"79":6,"80":3,"81":45,"82":45,"83":45,"84":45,"85":45,"86":45,"87":45,"88":45,"89":45,"90":45,"91":45,"92":45,"93":45,"94":1,"95":0,"96":1,"97":45,"98":45,"99":5,"100":0,"101":5,"102":45,"103":45,"104":45,"105":55,"106":55,"107":11,"108":11,"109":44,"110":22,"111":22,"112":45,"113":13,"114":13,"115":1,"116":12,"117":12,"118":12,"119":34,"120":34,"121":34,"122":21,"123":21,"124":21,"125":21,"126":21,"127":6,"128":6,"129":6,"130":11,"131":11,"132":6,"133":6,"134":6,"135":6,"136":6,"137":6,"138":21,"139":11,"140":11,"141":11,"142":31,"143":11,"144":1,"145":1,"146":1,"147":1,"148":106,"149":102},"f":{"0":3,"1":2,"2":3,"3":2,"4":2,"5":2,"6":4,"7":4,"8":6,"9":3,"10":9,"11":3,"12":6,"13":4,"14":19,"15":15,"16":45,"17":3,"18":6,"19":6,"20":6,"21":24,"22":12,"23":1,"24":5,"25":13,"26":34,"27":6,"28":11,"29":11,"30":1,"31":1,"32":106,"33":102},"b":{"0":[2,1],"1":[1,1],"2":[2,2],"3":[1,2],"4":[2,4],"5":[1,3],"6":[19,1],"7":[1,18],"8":[2,16],"9":[16,5],"10":[15,4],"11":[2,14],"12":[0,1],"13":[0,5],"14":[5,5],"15":[11,44],"16":[22,22],"17":[1,12],"18":[21,13],"19":[6,5],"20":[6,6],"21":[4,2],"22":[4,2],"23":[4,2],"24":[42,41,32],"25":[10,1],"26":[1,0]},"_coverageSchema":"1a1c01bbd47fc00a2c39e90264f33305004495a9","hash":"090f7d70aebc1ca667e7e3c1473d6b0e9537a81e"}
}
