TN:
SF:app.js
FN:27,(anonymous_0)
FN:52,(anonymous_1)
FN:81,(anonymous_2)
FN:107,(anonymous_3)
FN:134,(anonymous_4)
FN:163,loadApiKey
FN:177,saveApiKey
FN:191,selectTopic
FN:192,(anonymous_8)
FN:198,setMode
FN:199,(anonymous_10)
FN:204,generate
FN:214,askCustom
FN:234,showError
FN:242,fetchAndRender
FN:288,(anonymous_15)
FN:306,renderMarkdown
FN:308,(anonymous_17)
FN:309,(anonymous_18)
FN:309,(anonymous_19)
FN:310,(anonymous_20)
FN:311,(anonymous_21)
FN:311,(anonymous_22)
FN:338,(anonymous_23)
FN:347,(anonymous_24)
FN:367,attachQuizInteractivity
FN:376,(anonymous_26)
FN:386,(anonymous_27)
FN:390,(anonymous_28)
FN:409,findAnswerText
FN:434,(anonymous_30)
FN:435,(anonymous_31)
FN:436,(anonymous_32)
FN:437,(anonymous_33)
FNF:34
FNH:34
FNDA:3,(anonymous_0)
FNDA:2,(anonymous_1)
FNDA:3,(anonymous_2)
FNDA:2,(anonymous_3)
FNDA:2,(anonymous_4)
FNDA:2,loadApiKey
FNDA:4,saveApiKey
FNDA:4,selectTopic
FNDA:6,(anonymous_8)
FNDA:3,setMode
FNDA:9,(anonymous_10)
FNDA:3,generate
FNDA:6,askCustom
FNDA:4,showError
FNDA:19,fetchAndRender
FNDA:15,(anonymous_15)
FNDA:45,renderMarkdown
FNDA:3,(anonymous_17)
FNDA:6,(anonymous_18)
FNDA:6,(anonymous_19)
FNDA:6,(anonymous_20)
FNDA:24,(anonymous_21)
FNDA:12,(anonymous_22)
FNDA:1,(anonymous_23)
FNDA:5,(anonymous_24)
FNDA:13,attachQuizInteractivity
FNDA:34,(anonymous_26)
FNDA:6,(anonymous_27)
FNDA:11,(anonymous_28)
FNDA:11,findAnswerText
FNDA:1,(anonymous_30)
FNDA:1,(anonymous_31)
FNDA:106,(anonymous_32)
FNDA:102,(anonymous_33)
DA:1,1
DA:24,1
DA:27,3
DA:52,2
DA:81,3
DA:107,2
DA:134,2
DA:159,1
DA:160,1
DA:164,2
DA:165,2
DA:166,2
DA:167,1
DA:168,1
DA:169,1
DA:171,1
DA:172,1
DA:174,2
DA:178,4
DA:179,4
DA:180,4
DA:181,2
DA:182,2
DA:183,2
DA:185,2
DA:186,2
DA:187,2
DA:192,6
DA:193,4
DA:194,4
DA:195,4
DA:199,9
DA:200,3
DA:201,3
DA:205,3
DA:206,1
DA:207,1
DA:209,2
DA:210,2
DA:211,2
DA:215,6
DA:216,6
DA:217,4
DA:218,4
DA:231,4
DA:235,4
DA:243,19
DA:244,19
DA:245,19
DA:248,19
DA:257,19
DA:258,19
DA:260,19
DA:261,19
DA:262,19
DA:263,1
DA:265,18
DA:285,18
DA:286,18
DA:288,16
DA:289,16
DA:292,16
DA:295,3
DA:301,19
DA:302,19
DA:308,45
DA:309,6
DA:310,3
DA:311,24
DA:312,6
DA:314,3
DA:318,45
DA:319,45
DA:320,45
DA:323,45
DA:324,45
DA:327,45
DA:328,45
DA:329,45
DA:330,45
DA:333,45
DA:336,45
DA:337,45
DA:338,45
DA:339,1
DA:340,1
DA:344,45
DA:347,45
DA:348,5
DA:349,5
DA:353,45
DA:354,45
DA:355,45
DA:356,55
DA:357,55
DA:358,44
DA:359,22
DA:361,22
DA:364,45
DA:369,13
DA:370,13
DA:373,12
DA:374,12
DA:376,12
DA:377,34
DA:378,34
DA:379,34
DA:380,21
DA:381,21
DA:382,21
DA:383,21
DA:386,21
DA:387,6
DA:389,6
DA:390,6
DA:391,11
DA:392,11
DA:393,6
DA:394,6
DA:396,6
DA:397,6
DA:398,6
DA:399,6
DA:404,21
DA:411,11
DA:412,11
DA:413,11
DA:414,31
DA:416,11
DA:419,1
DA:420,1
DA:434,1
DA:435,1
DA:436,106
DA:437,102
LF:135
LH:135
BRDA:164,0,0,2
BRDA:164,0,1,1
BRDA:166,1,0,1
BRDA:166,1,1,1
BRDA:180,2,0,2
BRDA:180,2,1,2
BRDA:205,3,0,1
BRDA:205,3,1,2
BRDA:216,4,0,2
BRDA:216,4,1,4
BRDA:217,5,0,1
BRDA:217,5,1,3
BRDA:261,6,0,19
BRDA:261,6,1,1
BRDA:262,7,0,1
BRDA:262,7,1,18
BRDA:286,8,0,2
BRDA:286,8,1,16
BRDA:288,9,0,16
BRDA:288,9,1,5
BRDA:288,10,0,15
BRDA:288,10,1,4
BRDA:292,11,0,2
BRDA:292,11,1,14
BRDA:339,12,0,0
BRDA:339,12,1,1
BRDA:348,13,0,0
BRDA:348,13,1,5
BRDA:348,14,0,5
BRDA:348,14,1,5
BRDA:357,15,0,11
BRDA:357,15,1,44
BRDA:358,16,0,22
BRDA:358,16,1,22
BRDA:370,17,0,1
BRDA:370,17,1,12
BRDA:379,18,0,21
BRDA:379,18,1,13
BRDA:392,19,0,6
BRDA:392,19,1,5
BRDA:393,20,0,6
BRDA:393,20,1,6
BRDA:394,21,0,4
BRDA:394,21,1,2
BRDA:397,22,0,4
BRDA:397,22,1,2
BRDA:398,23,0,4
BRDA:398,23,1,2
BRDA:413,24,0,42
BRDA:413,24,1,41
BRDA:413,24,2,32
BRDA:416,25,0,10
BRDA:416,25,1,1
BRDA:419,26,0,1
BRDA:419,26,1,0
BRF:55
BRH:52
end_of_record
